#
# There is insufficient memory for the Java Runtime Environment to continue.
# Native memory allocation (mmap) failed to map 104861696 bytes for committing reserved memory.
# Possible reasons:
#   The system is out of physical RAM or swap space
#   In 32 bit mode, the process size limit was hit
# Possible solutions:
#   Reduce memory load on the system
#   Increase physical memory or swap space
#   Check if swap backing store is full
#   Use 64 bit Java on a 64 bit OS
#   Decrease Java heap size (-Xmx/-Xms)
#   Decrease number of Java threads
#   Decrease Java thread stack sizes (-Xss)
#   Set larger code cache with -XX:ReservedCodeCacheSize=
# This output file may be truncated or incomplete.
#
#  Out of Memory Error (os_linux.cpp:2627), pid=30456, tid=139898715662080
#
# JRE version: Java(TM) SE Runtime Environment (8.0_60-b27) (build 1.8.0_60-b27)
# Java VM: Java HotSpot(TM) 64-Bit Server VM (25.60-b23 mixed mode linux-amd64 compressed oops)
# Failed to write core dump. Core dumps have been disabled. To enable core dumping, try "ulimit -c unlimited" before starting Java again
#

---------------  T H R E A D  ---------------

Current thread (0x00007f3cb0074000):  VMThread [stack: 0x00007f3cb5306000,0x00007f3cb5407000] [id=30463]

Stack: [0x00007f3cb5306000,0x00007f3cb5407000],  sp=0x00007f3cb5405610,  free space=1021k
Native frames: (J=compiled Java code, j=interpreted, Vv=VM code, C=native code)
V  [libjvm.so+0xab97ea]  VMError::report_and_die()+0x2ba
V  [libjvm.so+0x4f9dab]  report_vm_out_of_memory(char const*, int, unsigned long, VMErrorType, char const*)+0x8b
V  [libjvm.so+0x91a7c3]  os::Linux::commit_memory_impl(char*, unsigned long, bool)+0x103
V  [libjvm.so+0x91ad19]  os::pd_commit_memory(char*, unsigned long, unsigned long, bool)+0x29
V  [libjvm.so+0x91502a]  os::commit_memory(char*, unsigned long, unsigned long, bool)+0x2a
V  [libjvm.so+0xab5549]  VirtualSpace::expand_by(unsigned long, bool)+0x199
V  [libjvm.so+0x5f59d5]  OneContigSpaceCardGeneration::grow_by(unsigned long)+0x25
V  [libjvm.so+0x5f5d9f]  CardGeneration::expand(unsigned long, unsigned long)+0x6f
V  [libjvm.so+0x5f5e4e]  OneContigSpaceCardGeneration::expand(unsigned long, unsigned long)+0x3e
V  [libjvm.so+0x5f5b28]  OneContigSpaceCardGeneration::expand_and_allocate(unsigned long, bool, bool)+0xc8
V  [libjvm.so+0x484844]  GenCollectorPolicy::expand_heap_and_allocate(unsigned long, bool)+0xc4
V  [libjvm.so+0x4854f2]  GenCollectorPolicy::satisfy_failed_allocation(unsigned long, bool)+0x162
V  [libjvm.so+0xaba7f4]  VM_GenCollectForAllocation::doit()+0x94
V  [libjvm.so+0xac2c35]  VM_Operation::evaluate()+0x55
V  [libjvm.so+0xac100a]  VMThread::evaluate_operation(VM_Operation*)+0xba
V  [libjvm.so+0xac138e]  VMThread::loop()+0x1ce
V  [libjvm.so+0xac1800]  VMThread::run()+0x70
V  [libjvm.so+0x91cb88]  java_start(Thread*)+0x108

VM_Operation (0x00007f3c8338df80): GenCollectForAllocation, mode: safepoint, requested by thread 0x00007f3c8c040000


---------------  P R O C E S S  ---------------

Java Threads: ( => current thread )
  0x00007f3c98025800 JavaThread "communication thread" daemon [_thread_blocked, id=30504, stack(0x00007f3c8318e000,0x00007f3c8328f000)]
  0x00007f3c8c040000 JavaThread "LocalJobRunner Map Task Executor #0" [_thread_blocked, id=30503, stack(0x00007f3c8328f000,0x00007f3c83390000)]
  0x00007f3cb0bec000 JavaThread "Thread-12" [_thread_blocked, id=30502, stack(0x00007f3c83bed000,0x00007f3c83cee000)]
  0x00007f3cb0d9d000 JavaThread "IPC Parameter Sending Thread #0" daemon [_thread_blocked, id=30481, stack(0x00007f3c83cee000,0x00007f3c83def000)]
  0x00007f3cb0d9c000 JavaThread "IPC Client (517052730) connection to localhost/127.0.0.1:9000 from phamvanvung" daemon [_thread_blocked, id=30480, stack(0x00007f3ca0a88000,0x00007f3ca0b89000)]
  0x00007f3cb0a75800 JavaThread "process reaper" daemon [_thread_blocked, id=30475, stack(0x00007f3ca0b89000,0x00007f3ca0bc2000)]
  0x00007f3cb00c2000 JavaThread "Service Thread" daemon [_thread_blocked, id=30469, stack(0x00007f3cb461e000,0x00007f3cb471f000)]
  0x00007f3cb00b4800 JavaThread "C1 CompilerThread1" daemon [_thread_blocked, id=30468, stack(0x00007f3cb471f000,0x00007f3cb4820000)]
  0x00007f3cb00b2800 JavaThread "C2 CompilerThread0" daemon [_thread_blocked, id=30467, stack(0x00007f3cb4820000,0x00007f3cb4921000)]
  0x00007f3cb00b1000 JavaThread "Signal Dispatcher" daemon [_thread_blocked, id=30466, stack(0x00007f3cb4921000,0x00007f3cb4a22000)]
  0x00007f3cb007b800 JavaThread "Finalizer" daemon [_thread_blocked, id=30465, stack(0x00007f3cb5104000,0x00007f3cb5205000)]
  0x00007f3cb0079800 JavaThread "Reference Handler" daemon [_thread_blocked, id=30464, stack(0x00007f3cb5205000,0x00007f3cb5306000)]
  0x00007f3cb0010000 JavaThread "main" [_thread_blocked, id=30462, stack(0x00007f3cb93cf000,0x00007f3cb94d0000)]

Other Threads:
=>0x00007f3cb0074000 VMThread [stack: 0x00007f3cb5306000,0x00007f3cb5407000] [id=30463]
  0x00007f3cb00c5000 WatcherThread [stack: 0x00007f3cb451d000,0x00007f3cb461e000] [id=30470]

VM state:at safepoint (normal execution)

VM Mutex/Monitor currently owned by a thread:  ([mutex/lock_event])
[0x00007f3cb000c070] Threads_lock - owner thread: 0x00007f3cb0074000
[0x00007f3cb000c570] Heap_lock - owner thread: 0x00007f3c8c040000

Heap:
 def new generation   total 19136K, used 0K [0x00000000c2200000, 0x00000000c36c0000, 0x00000000d6c00000)
  eden space 17024K,   0% used [0x00000000c2200000, 0x00000000c2200000, 0x00000000c32a0000)
  from space 2112K,   0% used [0x00000000c34b0000, 0x00000000c34b0000, 0x00000000c36c0000)
  to   space 2112K,   0% used [0x00000000c32a0000, 0x00000000c32a0000, 0x00000000c34b0000)
 tenured generation   total 42368K, used 7497K [0x00000000d6c00000, 0x00000000d9560000, 0x0000000100000000)
   the space 42368K,  17% used [0x00000000d6c00000, 0x00000000d7352740, 0x00000000d7352800, 0x00000000d9560000)
 Metaspace       used 22057K, capacity 22340K, committed 22400K, reserved 1069056K
  class space    used 2588K, capacity 2680K, committed 2688K, reserved 1048576K

Card table byte_map: [0x00007f3cb5fa0000,0x00007f3cb6190000] byte_map_base: 0x00007f3cb598f000

Polling page: 0x00007f3cb94e7000

CodeCache: size=245760Kb used=5468Kb max_used=5898Kb free=240291Kb
 bounds [0x00007f3ca1000000, 0x00007f3ca15d0000, 0x00007f3cb0000000]
 total_blobs=2072 nmethods=1631 adapters=354
 compilation: enabled

Compilation events (10 events):
Event: 11.404 Thread 0x00007f3cb00b4800 1836       2       java.util.HashSet::<init> (16 bytes)
Event: 11.404 Thread 0x00007f3cb00b4800 nmethod 1836 0x00007f3ca12d2b10 code [0x00007f3ca12d2c80, 0x00007f3ca12d2e50]
Event: 11.405 Thread 0x00007f3cb00b4800 1837       2       java.net.URI$Parser::<init> (31 bytes)
Event: 11.406 Thread 0x00007f3cb00b4800 nmethod 1837 0x00007f3ca1154250 code [0x00007f3ca11543a0, 0x00007f3ca1154530]
Event: 11.406 Thread 0x00007f3cb00b4800 1838       2       java.net.URI::access$002 (7 bytes)
Event: 11.406 Thread 0x00007f3cb00b4800 nmethod 1838 0x00007f3ca113b490 code [0x00007f3ca113b5e0, 0x00007f3ca113b730]
Event: 11.407 Thread 0x00007f3cb00b4800 1839       2       java.io.BufferedInputStream::close (41 bytes)
Event: 11.407 Thread 0x00007f3cb00b4800 nmethod 1839 0x00007f3ca12debd0 code [0x00007f3ca12ded60, 0x00007f3ca12defb0]
Event: 11.414 Thread 0x00007f3cb00b2800 nmethod 1775 0x00007f3ca11cc150 code [0x00007f3ca11cc400, 0x00007f3ca11cd910]
Event: 11.414 Thread 0x00007f3cb00b2800 1786       4       org.apache.xerces.parsers.AbstractDOMParser::startElement (838 bytes)

GC Heap History (10 events):
Event: 9.073 GC heap before
{Heap before GC invocations=8 (full 0):
 def new generation   total 19008K, used 18566K [0x00000000c2200000, 0x00000000c36a0000, 0x00000000d6c00000)
  eden space 16896K, 100% used [0x00000000c2200000, 0x00000000c3280000, 0x00000000c3280000)
  from space 2112K,  79% used [0x00000000c3280000, 0x00000000c3421a80, 0x00000000c3490000)
  to   space 2112K,   0% used [0x00000000c3490000, 0x00000000c3490000, 0x00000000c36a0000)
 tenured generation   total 42368K, used 4282K [0x00000000d6c00000, 0x00000000d9560000, 0x0000000100000000)
   the space 42368K,  10% used [0x00000000d6c00000, 0x00000000d702e898, 0x00000000d702ea00, 0x00000000d9560000)
 Metaspace       used 19843K, capacity 20100K, committed 20352K, reserved 1067008K
  class space    used 2335K, capacity 2424K, committed 2432K, reserved 1048576K
Event: 9.078 GC heap after
Heap after GC invocations=9 (full 0):
 def new generation   total 19008K, used 2111K [0x00000000c2200000, 0x00000000c36a0000, 0x00000000d6c00000)
  eden space 16896K,   0% used [0x00000000c2200000, 0x00000000c2200000, 0x00000000c3280000)
  from space 2112K,  99% used [0x00000000c3490000, 0x00000000c369fff8, 0x00000000c36a0000)
  to   space 2112K,   0% used [0x00000000c3280000, 0x00000000c3280000, 0x00000000c3490000)
 tenured generation   total 42368K, used 4828K [0x00000000d6c00000, 0x00000000d9560000, 0x0000000100000000)
   the space 42368K,  11% used [0x00000000d6c00000, 0x00000000d70b7200, 0x00000000d70b7200, 0x00000000d9560000)
 Metaspace       used 19843K, capacity 20100K, committed 20352K, reserved 1067008K
  class space    used 2335K, capacity 2424K, committed 2432K, reserved 1048576K
}
Event: 10.118 GC heap before
{Heap before GC invocations=9 (full 0):
 def new generation   total 19008K, used 17650K [0x00000000c2200000, 0x00000000c36a0000, 0x00000000d6c00000)
  eden space 16896K,  91% used [0x00000000c2200000, 0x00000000c312ca28, 0x00000000c3280000)
  from space 2112K,  99% used [0x00000000c3490000, 0x00000000c369fff8, 0x00000000c36a0000)
  to   space 2112K,   0% used [0x00000000c3280000, 0x00000000c3280000, 0x00000000c3490000)
 tenured generation   total 42368K, used 4828K [0x00000000d6c00000, 0x00000000d9560000, 0x0000000100000000)
   the space 42368K,  11% used [0x00000000d6c00000, 0x00000000d70b7200, 0x00000000d70b7200, 0x00000000d9560000)
 Metaspace       used 20914K, capacity 21188K, committed 21248K, reserved 1069056K
  class space    used 2457K, capacity 2552K, committed 2560K, reserved 1048576K
Event: 10.176 GC heap after
Heap after GC invocations=10 (full 1):
 def new generation   total 19136K, used 0K [0x00000000c2200000, 0x00000000c36c0000, 0x00000000d6c00000)
  eden space 17024K,   0% used [0x00000000c2200000, 0x00000000c2200000, 0x00000000c32a0000)
  from space 2112K,   0% used [0x00000000c32a0000, 0x00000000c32a0000, 0x00000000c34b0000)
  to   space 2112K,   0% used [0x00000000c34b0000, 0x00000000c34b0000, 0x00000000c36c0000)
 tenured generation   total 42368K, used 6400K [0x00000000d6c00000, 0x00000000d9560000, 0x0000000100000000)
   the space 42368K,  15% used [0x00000000d6c00000, 0x00000000d7240090, 0x00000000d7240200, 0x00000000d9560000)
 Metaspace       used 20914K, capacity 21188K, committed 21248K, reserved 1069056K
  class space    used 2457K, capacity 2552K, committed 2560K, reserved 1048576K
}
Event: 10.757 GC heap before
{Heap before GC invocations=10 (full 1):
 def new generation   total 19136K, used 17024K [0x00000000c2200000, 0x00000000c36c0000, 0x00000000d6c00000)
  eden space 17024K, 100% used [0x00000000c2200000, 0x00000000c32a0000, 0x00000000c32a0000)
  from space 2112K,   0% used [0x00000000c32a0000, 0x00000000c32a0000, 0x00000000c34b0000)
  to   space 2112K,   0% used [0x00000000c34b0000, 0x00000000c34b0000, 0x00000000c36c0000)
 tenured generation   total 42368K, used 6400K [0x00000000d6c00000, 0x00000000d9560000, 0x0000000100000000)
   the space 42368K,  15% used [0x00000000d6c00000, 0x00000000d7240090, 0x00000000d7240200, 0x00000000d9560000)
 Metaspace       used 21193K, capacity 21444K, committed 21504K, reserved 1069056K
  class space    used 2481K, capacity 2552K, committed 2560K, reserved 1048576K
Event: 10.759 GC heap after
Heap after GC invocations=11 (full 1):
 def new generation   total 19136K, used 961K [0x00000000c2200000, 0x00000000c36c0000, 0x00000000d6c00000)
  eden space 17024K,   0% used [0x00000000c2200000, 0x00000000c2200000, 0x00000000c32a0000)
  from space 2112K,  45% used [0x00000000c34b0000, 0x00000000c35a04c0, 0x00000000c36c0000)
  to   space 2112K,   0% used [0x00000000c32a0000, 0x00000000c32a0000, 0x00000000c34b0000)
 tenured generation   total 42368K, used 6400K [0x00000000d6c00000, 0x00000000d9560000, 0x0000000100000000)
   the space 42368K,  15% used [0x00000000d6c00000, 0x00000000d7240090, 0x00000000d7240200, 0x00000000d9560000)
 Metaspace       used 21193K, capacity 21444K, committed 21504K, reserved 1069056K
  class space    used 2481K, capacity 2552K, committed 2560K, reserved 1048576K
}
Event: 11.193 GC heap before
{Heap before GC invocations=11 (full 1):
 def new generation   total 19136K, used 17985K [0x00000000c2200000, 0x00000000c36c0000, 0x00000000d6c00000)
  eden space 17024K, 100% used [0x00000000c2200000, 0x00000000c32a0000, 0x00000000c32a0000)
  from space 2112K,  45% used [0x00000000c34b0000, 0x00000000c35a04c0, 0x00000000c36c0000)
  to   space 2112K,   0% used [0x00000000c32a0000, 0x00000000c32a0000, 0x00000000c34b0000)
 tenured generation   total 42368K, used 6400K [0x00000000d6c00000, 0x00000000d9560000, 0x0000000100000000)
   the space 42368K,  15% used [0x00000000d6c00000, 0x00000000d7240090, 0x00000000d7240200, 0x00000000d9560000)
 Metaspace       used 21649K, capacity 21956K, committed 22144K, reserved 1069056K
  class space    used 2538K, capacity 2616K, committed 2688K, reserved 1048576K
Event: 11.195 GC heap after
Heap after GC invocations=12 (full 1):
 def new generation   total 19136K, used 1279K [0x00000000c2200000, 0x00000000c36c0000, 0x00000000d6c00000)
  eden space 17024K,   0% used [0x00000000c2200000, 0x00000000c2200000, 0x00000000c32a0000)
  from space 2112K,  60% used [0x00000000c32a0000, 0x00000000c33dff90, 0x00000000c34b0000)
  to   space 2112K,   0% used [0x00000000c34b0000, 0x00000000c34b0000, 0x00000000c36c0000)
 tenured generation   total 42368K, used 6400K [0x00000000d6c00000, 0x00000000d9560000, 0x0000000100000000)
   the space 42368K,  15% used [0x00000000d6c00000, 0x00000000d7240090, 0x00000000d7240200, 0x00000000d9560000)
 Metaspace       used 21649K, capacity 21956K, committed 22144K, reserved 1069056K
  class space    used 2538K, capacity 2616K, committed 2688K, reserved 1048576K
}
Event: 11.453 GC heap before
{Heap before GC invocations=12 (full 1):
 def new generation   total 19136K, used 6533K [0x00000000c2200000, 0x00000000c36c0000, 0x00000000d6c00000)
  eden space 17024K,  30% used [0x00000000c2200000, 0x00000000c2721700, 0x00000000c32a0000)
  from space 2112K,  60% used [0x00000000c32a0000, 0x00000000c33dff90, 0x00000000c34b0000)
  to   space 2112K,   0% used [0x00000000c34b0000, 0x00000000c34b0000, 0x00000000c36c0000)
 tenured generation   total 42368K, used 6400K [0x00000000d6c00000, 0x00000000d9560000, 0x0000000100000000)
   the space 42368K,  15% used [0x00000000d6c00000, 0x00000000d7240090, 0x00000000d7240200, 0x00000000d9560000)
 Metaspace       used 22057K, capacity 22340K, committed 22400K, reserved 1069056K
  class space    used 2588K, capacity 2680K, committed 2688K, reserved 1048576K
Event: 11.519 GC heap after
Heap after GC invocations=13 (full 2):
 def new generation   total 19136K, used 0K [0x00000000c2200000, 0x00000000c36c0000, 0x00000000d6c00000)
  eden space 17024K,   0% used [0x00000000c2200000, 0x00000000c2200000, 0x00000000c32a0000)
  from space 2112K,   0% used [0x00000000c34b0000, 0x00000000c34b0000, 0x00000000c36c0000)
  to   space 2112K,   0% used [0x00000000c32a0000, 0x00000000c32a0000, 0x00000000c34b0000)
 tenured generation   total 42368K, used 7497K [0x00000000d6c00000, 0x00000000d9560000, 0x0000000100000000)
   the space 42368K,  17% used [0x00000000d6c00000, 0x00000000d7352740, 0x00000000d7352800, 0x00000000d9560000)
 Metaspace       used 22057K, capacity 22340K, committed 22400K, reserved 1069056K
  class space    used 2588K, capacity 2680K, committed 2688K, reserved 1048576K
}

Deoptimization events (10 events):
Event: 8.535 Thread 0x00007f3cb0010000 Uncommon trap: reason=class_check action=maybe_recompile pc=0x00007f3ca11e2c04 method=java.util.jar.JarFile.getJarEntry(Ljava/lang/String;)Ljava/util/jar/JarEntry; @ 2
Event: 9.181 Thread 0x00007f3cb0010000 Uncommon trap: reason=bimorphic action=maybe_recompile pc=0x00007f3ca1410500 method=java.io.DataOutputStream.writeByte(I)V @ 5
Event: 9.181 Thread 0x00007f3cb0010000 Uncommon trap: reason=bimorphic action=maybe_recompile pc=0x00007f3ca1410500 method=java.io.DataOutputStream.writeByte(I)V @ 5
Event: 9.181 Thread 0x00007f3cb0010000 Uncommon trap: reason=bimorphic action=maybe_recompile pc=0x00007f3ca1410500 method=java.io.DataOutputStream.writeByte(I)V @ 5
Event: 9.181 Thread 0x00007f3cb0010000 Uncommon trap: reason=bimorphic action=maybe_recompile pc=0x00007f3ca1410500 method=java.io.DataOutputStream.writeByte(I)V @ 5
Event: 10.022 Thread 0x00007f3cb0010000 Uncommon trap: reason=unstable_if action=reinterpret pc=0x00007f3ca1133734 method=sun.nio.cs.UTF_8$Encoder.encodeArrayLoop(Ljava/nio/CharBuffer;Ljava/nio/ByteBuffer;)Ljava/nio/charset/CoderResult; @ 113
Event: 10.302 Thread 0x00007f3cb0010000 Uncommon trap: reason=unstable_if action=reinterpret pc=0x00007f3ca15ac530 method=org.apache.xerces.dom.DeferredDocumentImpl.clearChunkIndex([[III)I @ 47
Event: 10.311 Thread 0x00007f3cb0010000 Uncommon trap: reason=unstable_if action=reinterpret pc=0x00007f3ca131108c method=org.apache.xerces.dom.DeferredDocumentImpl.clearChunkIndex([[III)I @ 47
Event: 10.914 Thread 0x00007f3cb0010000 Uncommon trap: reason=bimorphic action=maybe_recompile pc=0x00007f3ca13d921c method=java.net.URL.<init>(Ljava/net/URL;Ljava/lang/String;Ljava/net/URLStreamHandler;)V @ 504
Event: 11.334 Thread 0x00007f3c8c040000 Uncommon trap: reason=unstable_if action=reinterpret pc=0x00007f3ca15c5d34 method=java.lang.StringBuffer.toString()Ljava/lang/String; @ 4

Internal exceptions (10 events):
Event: 0.670 Thread 0x00007f3cb0010000 Exception <a 'java/lang/ClassNotFoundException': org/apache/log4j/AppenderSkeletonBeanInfo> (0x00000000c2a12350) thrown at [/HUDSON/workspace/8-2-build-linux-amd64/jdk8u60/4407/hotspot/src/share/vm/classfile/systemDictionary.cpp, line 210]
Event: 0.671 Thread 0x00007f3cb0010000 Exception <a 'java/lang/ClassNotFoundException': org/apache/log4j/AppenderSkeletonCustomizer> (0x00000000c2a36ea0) thrown at [/HUDSON/workspace/8-2-build-linux-amd64/jdk8u60/4407/hotspot/src/share/vm/classfile/systemDictionary.cpp, line 210]
Event: 0.672 Thread 0x00007f3cb0010000 Exception <a 'java/lang/ClassNotFoundException': org/apache/log4j/WriterAppenderCustomizer> (0x00000000c2a6d498) thrown at [/HUDSON/workspace/8-2-build-linux-amd64/jdk8u60/4407/hotspot/src/share/vm/classfile/systemDictionary.cpp, line 210]
Event: 0.682 Thread 0x00007f3cb0010000 Exception <a 'java/lang/ClassNotFoundException': org/apache/log4j/FileAppenderCustomizer> (0x00000000c2a9b910) thrown at [/HUDSON/workspace/8-2-build-linux-amd64/jdk8u60/4407/hotspot/src/share/vm/classfile/systemDictionary.cpp, line 210]
Event: 0.683 Thread 0x00007f3cb0010000 Exception <a 'java/lang/ClassNotFoundException': org/apache/log4j/RollingFileAppenderCustomizer> (0x00000000c2acdaf0) thrown at [/HUDSON/workspace/8-2-build-linux-amd64/jdk8u60/4407/hotspot/src/share/vm/classfile/systemDictionary.cpp, line 210]
Event: 1.848 Thread 0x00007f3cb0010000 Exception <a 'java/io/FileNotFoundException'> (0x00000000c2db3510) thrown at [/HUDSON/workspace/8-2-build-linux-amd64/jdk8u60/4407/hotspot/src/share/vm/prims/jni.cpp, line 709]
Event: 1.848 Thread 0x00007f3cb0010000 Exception <a 'java/security/PrivilegedActionException'> (0x00000000c2db3978) thrown at [/HUDSON/workspace/8-2-build-linux-amd64/jdk8u60/4407/hotspot/src/share/vm/prims/jvm.cpp, line 1386]
Event: 1.849 Thread 0x00007f3cb0010000 Exception <a 'java/lang/reflect/InvocationTargetException'> (0x00000000c2db5a38) thrown at [/HUDSON/workspace/8-2-build-linux-amd64/jdk8u60/4407/hotspot/src/share/vm/runtime/reflection.cpp, line 1092]
Event: 2.102 Thread 0x00007f3cb0010000 Exception <a 'java/lang/NoSuchFieldError': method resolution failed> (0x00000000c3053338) thrown at [/HUDSON/workspace/8-2-build-linux-amd64/jdk8u60/4407/hotspot/src/share/vm/prims/methodHandles.cpp, line 1146]
Event: 2.116 Thread 0x00007f3cb0010000 Exception <a 'java/lang/NoSuchFieldError': method resolution failed> (0x00000000c30609f8) thrown at [/HUDSON/workspace/8-2-build-linux-amd64/jdk8u60/4407/hotspot/src/share/vm/prims/methodHandles.cpp, line 1146]

Events (10 events):
Event: 11.440 loading class org/apache/hadoop/mapred/MapTask$MapOutputBuffer$Buffer done
Event: 11.441 loading class org/apache/hadoop/mapred/MapTask$MapOutputBuffer$SpillThread
Event: 11.441 loading class org/apache/hadoop/mapred/MapTask$MapOutputBuffer$SpillThread done
Event: 11.441 loading class org/apache/hadoop/util/QuickSort
Event: 11.441 loading class org/apache/hadoop/util/QuickSort done
Event: 11.446 loading class org/apache/hadoop/util/IndexedSorter
Event: 11.446 loading class org/apache/hadoop/util/IndexedSorter done
Event: 11.446 loading class org/apache/hadoop/util/HeapSort
Event: 11.446 loading class org/apache/hadoop/util/HeapSort done
Event: 11.453 Executing VM operation: GenCollectForAllocation


Dynamic libraries:
00400000-00401000 r-xp 00000000 08:01 527070                             /usr/local/jdk1.8.0_60/bin/java
00600000-00601000 rw-p 00000000 08:01 527070                             /usr/local/jdk1.8.0_60/bin/java
00737000-00758000 rw-p 00000000 00:00 0                                  [heap]
c2200000-c36c0000 rw-p 00000000 00:00 0 
c36c0000-d6c00000 ---p 00000000 00:00 0 
d6c00000-d9560000 rw-p 00000000 00:00 0 
df961000-100000000 ---p 00000000 00:00 0 
100000000-1002a0000 rw-p 00000000 00:00 0 
1002a0000-140000000 ---p 00000000 00:00 0 
7f3c8308d000-7f3c83090000 ---p 00000000 00:00 0 
7f3c83090000-7f3c8318e000 rw-p 00000000 00:00 0 
7f3c8318e000-7f3c83191000 ---p 00000000 00:00 0 
7f3c83191000-7f3c8328f000 rw-p 00000000 00:00 0                          [stack:30504]
7f3c8328f000-7f3c83292000 ---p 00000000 00:00 0 
7f3c83292000-7f3c834d0000 rw-p 00000000 00:00 0                          [stack:30503]
7f3c834d0000-7f3c83590000 ---p 00000000 00:00 0 
7f3c83590000-7f3c835a6000 r-xp 00000000 08:01 790602                     /lib/x86_64-linux-gnu/libgcc_s.so.1
7f3c835a6000-7f3c837a5000 ---p 00016000 08:01 790602                     /lib/x86_64-linux-gnu/libgcc_s.so.1
7f3c837a5000-7f3c837a6000 rw-p 00015000 08:01 790602                     /lib/x86_64-linux-gnu/libgcc_s.so.1
7f3c837a6000-7f3c837d8000 r-xp 00000000 08:01 526919                     /usr/local/jdk1.8.0_60/jre/lib/amd64/libsunec.so
7f3c837d8000-7f3c839d7000 ---p 00032000 08:01 526919                     /usr/local/jdk1.8.0_60/jre/lib/amd64/libsunec.so
7f3c839d7000-7f3c839dd000 rw-p 00031000 08:01 526919                     /usr/local/jdk1.8.0_60/jre/lib/amd64/libsunec.so
7f3c839dd000-7f3c83bed000 rw-p 00000000 00:00 0 
7f3c83bed000-7f3c83bf0000 ---p 00000000 00:00 0 
7f3c83bf0000-7f3c83cee000 rw-p 00000000 00:00 0                          [stack:30502]
7f3c83cee000-7f3c83cf1000 ---p 00000000 00:00 0 
7f3c83cf1000-7f3c83def000 rw-p 00000000 00:00 0                          [stack:30481]
7f3c83def000-7f3c83e00000 r-xp 00000000 08:01 526959                     /usr/local/jdk1.8.0_60/jre/lib/amd64/libnio.so
7f3c83e00000-7f3c83fff000 ---p 00011000 08:01 526959                     /usr/local/jdk1.8.0_60/jre/lib/amd64/libnio.so
7f3c83fff000-7f3c84000000 rw-p 00010000 08:01 526959                     /usr/local/jdk1.8.0_60/jre/lib/amd64/libnio.so
7f3c84000000-7f3c84559000 rw-p 00000000 00:00 0 
7f3c84559000-7f3c88000000 ---p 00000000 00:00 0 
7f3c88000000-7f3c88021000 rw-p 00000000 00:00 0 
7f3c88021000-7f3c8c000000 ---p 00000000 00:00 0 
7f3c8c000000-7f3c8c044000 rw-p 00000000 00:00 0 
7f3c8c044000-7f3c90000000 ---p 00000000 00:00 0 
7f3c90000000-7f3c90893000 rw-p 00000000 00:00 0 
7f3c90893000-7f3c94000000 ---p 00000000 00:00 0 
7f3c94000000-7f3c94021000 rw-p 00000000 00:00 0 
7f3c94021000-7f3c98000000 ---p 00000000 00:00 0 
7f3c98000000-7f3c98039000 rw-p 00000000 00:00 0 
7f3c98039000-7f3c9c000000 ---p 00000000 00:00 0 
7f3c9c000000-7f3c9c2b6000 rw-p 00000000 00:00 0 
7f3c9c2b6000-7f3ca0000000 ---p 00000000 00:00 0 
7f3ca0070000-7f3ca0270000 rw-p 00000000 00:00 0 
7f3ca0270000-7f3ca0470000 rw-p 00000000 00:00 0 
7f3ca0470000-7f3ca0670000 rw-p 00000000 00:00 0 
7f3ca0670000-7f3ca0686000 r-xp 00000000 08:01 526932                     /usr/local/jdk1.8.0_60/jre/lib/amd64/libnet.so
7f3ca0686000-7f3ca0886000 ---p 00016000 08:01 526932                     /usr/local/jdk1.8.0_60/jre/lib/amd64/libnet.so
7f3ca0886000-7f3ca0887000 rw-p 00016000 08:01 526932                     /usr/local/jdk1.8.0_60/jre/lib/amd64/libnet.so
7f3ca0887000-7f3ca0888000 r-xp 00000000 08:01 526923                     /usr/local/jdk1.8.0_60/jre/lib/amd64/libjaas_unix.so
7f3ca0888000-7f3ca0a87000 ---p 00001000 08:01 526923                     /usr/local/jdk1.8.0_60/jre/lib/amd64/libjaas_unix.so
7f3ca0a87000-7f3ca0a88000 rw-p 00000000 08:01 526923                     /usr/local/jdk1.8.0_60/jre/lib/amd64/libjaas_unix.so
7f3ca0a88000-7f3ca0a8b000 ---p 00000000 00:00 0 
7f3ca0a8b000-7f3ca0b89000 rw-p 00000000 00:00 0                          [stack:30480]
7f3ca0b89000-7f3ca0b8c000 ---p 00000000 00:00 0 
7f3ca0b8c000-7f3ca0dc2000 rw-p 00000000 00:00 0                          [stack:30475]
7f3ca0dc2000-7f3ca0dca000 r-xp 00000000 08:01 526918                     /usr/local/jdk1.8.0_60/jre/lib/amd64/libmanagement.so
7f3ca0dca000-7f3ca0fca000 ---p 00008000 08:01 526918                     /usr/local/jdk1.8.0_60/jre/lib/amd64/libmanagement.so
7f3ca0fca000-7f3ca0fcb000 rw-p 00008000 08:01 526918                     /usr/local/jdk1.8.0_60/jre/lib/amd64/libmanagement.so
7f3ca0fcb000-7f3ca1000000 r--s 002f2000 08:01 397551                     /usr/local/hadoop-2.6.0/share/hadoop/common/hadoop-common-2.6.0.jar
7f3ca1000000-7f3ca15d0000 rwxp 00000000 00:00 0 
7f3ca15d0000-7f3cb0000000 ---p 00000000 00:00 0 
7f3cb0000000-7f3cb0e9d000 rw-p 00000000 00:00 0 
7f3cb0e9d000-7f3cb4000000 ---p 00000000 00:00 0 
7f3cb4006000-7f3cb4007000 rw-p 00000000 00:00 0 
7f3cb4007000-7f3cb400d000 r--s 002f8000 08:01 526893                     /usr/local/jdk1.8.0_60/jre/lib/charsets.jar
7f3cb400d000-7f3cb4020000 r--s 00344000 08:01 527007                     /usr/local/jdk1.8.0_60/jre/lib/resources.jar
7f3cb4020000-7f3cb4026000 r--s 0003f000 08:01 526988                     /usr/local/jdk1.8.0_60/jre/lib/ext/sunjce_provider.jar
7f3cb4026000-7f3cb4027000 r--s 00009000 08:01 526987                     /usr/local/jdk1.8.0_60/jre/lib/ext/sunec.jar
7f3cb4027000-7f3cb402b000 r--s 0003a000 08:01 526995                     /usr/local/jdk1.8.0_60/jre/lib/ext/sunpkcs11.jar
7f3cb402b000-7f3cb402e000 r--s 0001a000 08:01 526894                     /usr/local/jdk1.8.0_60/jre/lib/jce.jar
7f3cb402e000-7f3cb4032000 r--s 00095000 08:01 526980                     /usr/local/jdk1.8.0_60/jre/lib/jsse.jar
7f3cb4032000-7f3cb4037000 r--s 00022000 08:01 397552                     /usr/local/hadoop-2.6.0/share/hadoop/common/hadoop-nfs-2.6.0.jar
7f3cb4037000-7f3cb403c000 r--s 00041000 08:01 397579                     /usr/local/hadoop-2.6.0/share/hadoop/common/lib/commons-lang-2.6.jar
7f3cb403c000-7f3cb4044000 r--s 0007b000 08:01 397608                     /usr/local/hadoop-2.6.0/share/hadoop/common/lib/protobuf-java-2.5.0.jar
7f3cb4044000-7f3cb4045000 r--s 00006000 08:01 397554                     /usr/local/hadoop-2.6.0/share/hadoop/common/lib/jackson-xc-1.9.13.jar
7f3cb4045000-7f3cb4047000 r--s 00005000 08:01 397581                     /usr/local/hadoop-2.6.0/share/hadoop/common/lib/slf4j-api-1.7.5.jar
7f3cb4047000-7f3cb4049000 r--s 00006000 08:01 397591                     /usr/local/hadoop-2.6.0/share/hadoop/common/lib/htrace-core-3.0.4.jar
7f3cb4049000-7f3cb404b000 r--s 00003000 08:01 397564                     /usr/local/hadoop-2.6.0/share/hadoop/common/lib/hadoop-annotations-2.6.0.jar
7f3cb404b000-7f3cb4050000 r--s 0005f000 08:01 397606                     /usr/local/hadoop-2.6.0/share/hadoop/common/lib/jasper-compiler-5.5.23.jar
7f3cb4050000-7f3cb4055000 r--s 0002a000 08:01 397560                     /usr/local/hadoop-2.6.0/share/hadoop/common/lib/commons-beanutils-1.7.0.jar
7f3cb4055000-7f3cb4067000 r--s 00097000 08:01 397596                     /usr/local/hadoop-2.6.0/share/hadoop/common/lib/apacheds-kerberos-codec-2.0.0-M15.jar
7f3cb4067000-7f3cb4068000 r--s 0000a000 08:01 397562                     /usr/local/hadoop-2.6.0/share/hadoop/common/lib/apacheds-i18n-2.0.0-M15.jar
7f3cb4068000-7f3cb406a000 r--s 0000d000 08:01 397565                     /usr/local/hadoop-2.6.0/share/hadoop/common/lib/commons-codec-1.4.jar
7f3cb406a000-7f3cb406c000 r--s 00011000 08:01 397588                     /usr/local/hadoop-2.6.0/share/hadoop/common/lib/jasper-runtime-5.5.23.jar
7f3cb406c000-7f3cb4071000 r--s 0002a000 08:01 397577                     /usr/local/hadoop-2.6.0/share/hadoop/common/lib/gson-2.2.4.jar
7f3cb4071000-7f3cb4073000 r--s 0000e000 08:01 397619                     /usr/local/hadoop-2.6.0/share/hadoop/common/lib/activation-1.1.jar
7f3cb4073000-7f3cb4075000 r--s 00009000 08:01 397600                     /usr/local/hadoop-2.6.0/share/hadoop/common/lib/commons-cli-1.2.jar
7f3cb4075000-7f3cb4076000 r--s 0000a000 08:01 397568                     /usr/local/hadoop-2.6.0/share/hadoop/common/lib/asm-3.2.jar
7f3cb4076000-7f3cb407a000 r--s 00025000 08:01 399632                     /usr/local/hadoop-2.6.0/share/hadoop/common/lib/avro-mapred-1.7.4-hadoop1.jar
7f3cb407a000-7f3cb407e000 r--s 00014000 08:01 397610                     /usr/local/hadoop-2.6.0/share/hadoop/common/lib/xz-1.0.jar
7f3cb407e000-7f3cb4090000 r--s 0009d000 08:01 397571                     /usr/local/hadoop-2.6.0/share/hadoop/common/lib/jersey-server-1.9.jar
7f3cb4090000-7f3cb4099000 r--s 0007b000 08:01 397617                     /usr/local/hadoop-2.6.0/share/hadoop/common/lib/jets3t-0.9.0.jar
7f3cb4099000-7f3cb409d000 r--s 0002a000 08:01 397597                     /usr/local/hadoop-2.6.0/share/hadoop/common/lib/commons-io-2.4.jar
7f3cb409d000-7f3cb40a4000 r--s 00044000 08:01 397615                     /usr/local/hadoop-2.6.0/share/hadoop/common/lib/avro-1.7.4.jar
7f3cb40a4000-7f3cb40b2000 r--s 0007f000 08:01 397558                     /usr/local/hadoop-2.6.0/share/hadoop/common/lib/commons-collections-3.2.1.jar
7f3cb40b2000-7f3cb40b9000 r--s 00036000 08:01 397575                     /usr/local/hadoop-2.6.0/share/hadoop/common/lib/curator-recipes-2.6.0.jar
7f3cb40b9000-7f3cb40d6000 r--s 0013e000 08:01 397612                     /usr/local/hadoop-2.6.0/share/hadoop/common/lib/mockito-all-1.8.5.jar
7f3cb40d6000-7f3cb40df000 r--s 00061000 08:01 397586                     /usr/local/hadoop-2.6.0/share/hadoop/common/lib/httpclient-4.2.5.jar
7f3cb40df000-7f3cb40e2000 r--s 00016000 08:01 397611                     /usr/local/hadoop-2.6.0/share/hadoop/common/lib/jsp-api-2.1.jar
7f3cb40e2000-7f3cb40e5000 r--s 00019000 08:01 397605                     /usr/local/hadoop-2.6.0/share/hadoop/common/lib/commons-el-1.0.jar
7f3cb40e5000-7f3cb40e7000 r--s 0000f000 08:01 397578                     /usr/local/hadoop-2.6.0/share/hadoop/common/lib/curator-client-2.6.0.jar
7f3cb40e7000-7f3cb40e9000 r--s 0000e000 08:01 397593                     /usr/local/hadoop-2.6.0/share/hadoop/common/lib/commons-logging-1.1.3.jar
7f3cb40e9000-7f3cb40eb000 r--s 00001000 08:01 397561                     /usr/local/hadoop-2.6.0/share/hadoop/common/lib/slf4j-log4j12-1.7.5.jar
7f3cb40eb000-7f3cb40f9000 r--s 000b1000 08:01 397602                     /usr/local/hadoop-2.6.0/share/hadoop/common/lib/jackson-mapper-asl-1.9.13.jar
7f3cb40f9000-7f3cb40fc000 r--s 00006000 08:01 397601                     /usr/local/hadoop-2.6.0/share/hadoop/common/lib/jsr305-1.3.9.jar
7f3cb40fc000-7f3cb4108000 r--s 000b6000 08:01 397614                     /usr/local/hadoop-2.6.0/share/hadoop/common/lib/zookeeper-3.4.6.jar
7f3cb4108000-7f3cb411b000 r--s 000c7000 08:01 397609                     /usr/local/hadoop-2.6.0/share/hadoop/common/lib/jaxb-impl-2.2.3-1.jar
7f3cb411b000-7f3cb4120000 r--s 0003e000 08:01 397595                     /usr/local/hadoop-2.6.0/share/hadoop/common/lib/commons-net-3.1.jar
7f3cb4120000-7f3cb4124000 r--s 0002f000 08:01 397616                     /usr/local/hadoop-2.6.0/share/hadoop/common/lib/commons-beanutils-core-1.8.0.jar
7f3cb4124000-7f3cb4145000 r--s 00172000 08:01 397582                     /usr/local/hadoop-2.6.0/share/hadoop/common/lib/guava-11.0.2.jar
7f3cb4145000-7f3cb4146000 r--s 00003000 08:01 397599                     /usr/local/hadoop-2.6.0/share/hadoop/common/lib/xmlenc-0.52.jar
7f3cb4146000-7f3cb4147000 r--s 00004000 08:01 397573                     /usr/local/hadoop-2.6.0/share/hadoop/common/lib/java-xmlbuilder-0.4.jar
7f3cb4147000-7f3cb414b000 r--s 00028000 08:01 397572                     /usr/local/hadoop-2.6.0/share/hadoop/common/lib/jetty-util-6.1.26.jar
7f3cb414b000-7f3cb414f000 r--s 00035000 08:01 397556                     /usr/local/hadoop-2.6.0/share/hadoop/common/lib/jackson-core-asl-1.9.13.jar
7f3cb414f000-7f3cb4155000 r--s 00032000 08:01 397566                     /usr/local/hadoop-2.6.0/share/hadoop/common/lib/httpcore-4.2.5.jar
7f3cb4155000-7f3cb4157000 r--s 0000f000 08:01 397570                     /usr/local/hadoop-2.6.0/share/hadoop/common/lib/jettison-1.1.jar
7f3cb4157000-7f3cb415d000 r--s 00043000 08:01 397613                     /usr/local/hadoop-2.6.0/share/hadoop/common/lib/commons-configuration-1.6.jar
7f3cb415d000-7f3cb4160000 r--s 00017000 08:01 397574                     /usr/local/hadoop-2.6.0/share/hadoop/common/lib/jaxb-api-2.2.2.jar
7f3cb4160000-7f3cb4163000 r--s 0002b000 08:01 397607                     /usr/local/hadoop-2.6.0/share/hadoop/common/lib/jsch-0.1.42.jar
7f3cb4163000-7f3cb4165000 r--s 00003000 08:01 397576                     /usr/local/hadoop-2.6.0/share/hadoop/common/lib/api-asn1-api-1.0.0-M20.jar
7f3cb4165000-7f3cb416f000 r--s 00066000 08:01 397569                     /usr/local/hadoop-2.6.0/share/hadoop/common/lib/jersey-core-1.9.jar
7f3cb416f000-7f3cb4173000 r--s 00020000 08:01 397567                     /usr/local/hadoop-2.6.0/share/hadoop/common/lib/commons-digester-1.8.jar
7f3cb4173000-7f3cb418a000 r--s 0010e000 08:01 397555                     /usr/local/hadoop-2.6.0/share/hadoop/common/lib/netty-3.6.2.Final.jar
7f3cb418a000-7f3cb4190000 r--s 00045000 08:01 397589                     /usr/local/hadoop-2.6.0/share/hadoop/common/lib/commons-httpclient-3.1.jar
7f3cb4190000-7f3cb4192000 r--s 00018000 08:01 397598                     /usr/local/hadoop-2.6.0/share/hadoop/common/lib/servlet-api-2.5.jar
7f3cb4192000-7f3cb4194000 r--s 00006000 08:01 397604                     /usr/local/hadoop-2.6.0/share/hadoop/common/lib/paranamer-2.3.jar
7f3cb4194000-7f3cb4195000 r--s 00004000 08:01 397585                     /usr/local/hadoop-2.6.0/share/hadoop/common/lib/jackson-jaxrs-1.9.13.jar
7f3cb4195000-7f3cb419a000 r--s 00036000 08:01 397592                     /usr/local/hadoop-2.6.0/share/hadoop/common/lib/commons-compress-1.4.1.jar
7f3cb419a000-7f3cb419c000 r--s 00012000 08:01 397584                     /usr/local/hadoop-2.6.0/share/hadoop/common/lib/api-util-1.0.0-M20.jar
7f3cb419c000-7f3cb41a0000 r--s 00021000 08:01 397559                     /usr/local/hadoop-2.6.0/share/hadoop/common/lib/jersey-json-1.9.jar
7f3cb41a0000-7f3cb41bd000 r--s 0016a000 08:01 397603                     /usr/local/hadoop-2.6.0/share/hadoop/common/lib/commons-math3-3.1.1.jar
7f3cb41bd000-7f3cb41bf000 r--s 000f2000 08:01 397557                     /usr/local/hadoop-2.6.0/share/hadoop/common/lib/snappy-java-1.0.4.1.jar
7f3cb41bf000-7f3cb41c6000 r--s 0007d000 08:01 397587                     /usr/local/hadoop-2.6.0/share/hadoop/common/lib/jetty-6.1.26.jar
7f3cb41c6000-7f3cb41cf000 r--s 0006f000 08:01 397618                     /usr/local/hadoop-2.6.0/share/hadoop/common/lib/log4j-1.2.17.jar
7f3cb41cf000-7f3cb41d1000 r--s 00009000 08:01 397594                     /usr/local/hadoop-2.6.0/share/hadoop/common/lib/hamcrest-core-1.3.jar
7f3cb41d1000-7f3cb41d7000 r--s 00028000 08:01 397580                     /usr/local/hadoop-2.6.0/share/hadoop/common/lib/curator-framework-2.6.0.jar
7f3cb41d7000-7f3cb41d9000 r--s 00004000 08:01 397590                     /usr/local/hadoop-2.6.0/share/hadoop/common/lib/stax-api-1.0-2.jar
7f3cb41d9000-7f3cb41db000 r--s 0000f000 08:01 397563                     /usr/local/hadoop-2.6.0/share/hadoop/common/lib/hadoop-auth-2.6.0.jar
7f3cb41db000-7f3cb41e1000 r--s 00036000 08:01 397583                     /usr/local/hadoop-2.6.0/share/hadoop/common/lib/junit-4.11.jar
7f3cb41e1000-7f3cb41e3000 r--s 00008000 08:01 397957                     /usr/local/hadoop-2.6.0/share/hadoop/mapreduce/hadoop-mapreduce-client-jobclient-2.6.0.jar
7f3cb41e3000-7f3cb41e4000 r--s 00000000 08:01 397989                     /usr/local/hadoop-2.6.0/share/hadoop/mapreduce/hadoop-mapreduce-client-hs-plugins-2.6.0.jar
7f3cb41e4000-7f3cb41ee000 r--s 00072000 08:01 397961                     /usr/local/hadoop-2.6.0/share/hadoop/mapreduce/hadoop-mapreduce-client-app-2.6.0.jar
7f3cb41ee000-7f3cb41f3000 r--s 00035000 08:01 397960                     /usr/local/hadoop-2.6.0/share/hadoop/mapreduce/hadoop-mapreduce-client-hs-2.6.0.jar
7f3cb41f3000-7f3cb420b000 r--s 00159000 08:01 397962                     /usr/local/hadoop-2.6.0/share/hadoop/mapreduce/hadoop-mapreduce-client-core-2.6.0.jar
7f3cb420b000-7f3cb420c000 r--s 0000a000 08:01 397958                     /usr/local/hadoop-2.6.0/share/hadoop/mapreduce/hadoop-mapreduce-client-shuffle-2.6.0.jar
7f3cb420c000-7f3cb4218000 r--s 00097000 08:01 397959                     /usr/local/hadoop-2.6.0/share/hadoop/mapreduce/hadoop-mapreduce-client-common-2.6.0.jar
7f3cb4218000-7f3cb4220000 r--s 0007b000 08:01 397983                     /usr/local/hadoop-2.6.0/share/hadoop/mapreduce/lib/protobuf-java-2.5.0.jar
7f3cb4220000-7f3cb4222000 r--s 00003000 08:01 397968                     /usr/local/hadoop-2.6.0/share/hadoop/mapreduce/lib/hadoop-annotations-2.6.0.jar
7f3cb4222000-7f3cb4225000 r--s 000fd000 08:01 397977                     /usr/local/hadoop-2.6.0/share/hadoop/mapreduce/lib/leveldbjni-all-1.8.jar
7f3cb4225000-7f3cb4226000 r--s 0000a000 08:01 397969                     /usr/local/hadoop-2.6.0/share/hadoop/mapreduce/lib/asm-3.2.jar
7f3cb4226000-7f3cb4235000 r--s 0009f000 08:01 397979                     /usr/local/hadoop-2.6.0/share/hadoop/mapreduce/lib/guice-3.0.jar
7f3cb4235000-7f3cb4239000 r--s 00014000 08:01 397984                     /usr/local/hadoop-2.6.0/share/hadoop/mapreduce/lib/xz-1.0.jar
7f3cb4239000-7f3cb424b000 r--s 0009d000 08:01 397971                     /usr/local/hadoop-2.6.0/share/hadoop/mapreduce/lib/jersey-server-1.9.jar
7f3cb424b000-7f3cb424c000 r--s 00003000 08:01 397973                     /usr/local/hadoop-2.6.0/share/hadoop/mapreduce/lib/jersey-guice-1.9.jar
7f3cb424c000-7f3cb4250000 r--s 0002a000 08:01 397980                     /usr/local/hadoop-2.6.0/share/hadoop/mapreduce/lib/commons-io-2.4.jar
7f3cb4250000-7f3cb4257000 r--s 00044000 08:01 397985                     /usr/local/hadoop-2.6.0/share/hadoop/mapreduce/lib/avro-1.7.4.jar
7f3cb4257000-7f3cb4259000 r--s 00000000 08:01 397972                     /usr/local/hadoop-2.6.0/share/hadoop/mapreduce/lib/aopalliance-1.0.jar
7f3cb4259000-7f3cb4267000 r--s 000b1000 08:01 397981                     /usr/local/hadoop-2.6.0/share/hadoop/mapreduce/lib/jackson-mapper-asl-1.9.13.jar
7f3cb4267000-7f3cb426b000 r--s 00035000 08:01 397966                     /usr/local/hadoop-2.6.0/share/hadoop/mapreduce/lib/jackson-core-asl-1.9.13.jar
7f3cb426b000-7f3cb4275000 r--s 00066000 08:01 397970                     /usr/local/hadoop-2.6.0/share/hadoop/mapreduce/lib/jersey-core-1.9.jar
7f3cb4275000-7f3cb428c000 r--s 0010e000 08:01 397965                     /usr/local/hadoop-2.6.0/share/hadoop/mapreduce/lib/netty-3.6.2.Final.jar
7f3cb428c000-7f3cb428e000 r--s 00006000 08:01 397982                     /usr/local/hadoop-2.6.0/share/hadoop/mapreduce/lib/paranamer-2.3.jar
7f3cb428e000-7f3cb4290000 r--s 0000e000 08:01 397987                     /usr/local/hadoop-2.6.0/share/hadoop/mapreduce/lib/guice-servlet-3.0.jar
7f3cb4290000-7f3cb4295000 r--s 00036000 08:01 397976                     /usr/local/hadoop-2.6.0/share/hadoop/mapreduce/lib/commons-compress-1.4.1.jar
7f3cb4295000-7f3cb4297000 r--s 000f2000 08:01 397967                     /usr/local/hadoop-2.6.0/share/hadoop/mapreduce/lib/snappy-java-1.0.4.1.jar
7f3cb4297000-7f3cb42a0000 r--s 0006f000 08:01 397986                     /usr/local/hadoop-2.6.0/share/hadoop/mapreduce/lib/log4j-1.2.17.jar
7f3cb42a0000-7f3cb42a2000 r--s 00009000 08:01 397978                     /usr/local/hadoop-2.6.0/share/hadoop/mapreduce/lib/hamcrest-core-1.3.jar
7f3cb42a2000-7f3cb42a3000 r--s 00000000 08:01 397974                     /usr/local/hadoop-2.6.0/share/hadoop/mapreduce/lib/javax.inject-1.jar
7f3cb42a3000-7f3cb42a9000 r--s 00036000 08:01 397975                     /usr/local/hadoop-2.6.0/share/hadoop/mapreduce/lib/junit-4.11.jar
7f3cb42a9000-7f3cb42ab000 r--s 00016000 08:01 397174                     /usr/local/hadoop-2.6.0/share/hadoop/hdfs/hadoop-hdfs-nfs-2.6.0.jar
7f3cb42ab000-7f3cb4310000 r--s 00711000 08:01 397223                     /usr/local/hadoop-2.6.0/share/hadoop/hdfs/hadoop-hdfs-2.6.0.jar
7f3cb4310000-7f3cb4315000 r--s 00041000 08:01 397232                     /usr/local/hadoop-2.6.0/share/hadoop/hdfs/lib/commons-lang-2.6.jar
7f3cb4315000-7f3cb431d000 r--s 0007b000 08:01 397247                     /usr/local/hadoop-2.6.0/share/hadoop/hdfs/lib/protobuf-java-2.5.0.jar
7f3cb431d000-7f3cb431f000 r--s 00006000 08:01 397237                     /usr/local/hadoop-2.6.0/share/hadoop/hdfs/lib/htrace-core-3.0.4.jar
7f3cb431f000-7f3cb4337000 r--s 00115000 08:01 397239                     /usr/local/hadoop-2.6.0/share/hadoop/hdfs/lib/xercesImpl-2.9.1.jar
7f3cb4337000-7f3cb4339000 r--s 0000d000 08:01 397227                     /usr/local/hadoop-2.6.0/share/hadoop/hdfs/lib/commons-codec-1.4.jar
7f3cb4339000-7f3cb433b000 r--s 00011000 08:01 397236                     /usr/local/hadoop-2.6.0/share/hadoop/hdfs/lib/jasper-runtime-5.5.23.jar
7f3cb433b000-7f3cb4343000 r--s 00028000 08:01 397234                     /usr/local/hadoop-2.6.0/share/hadoop/hdfs/lib/xml-apis-1.3.04.jar
7f3cb4343000-7f3cb4345000 r--s 00009000 08:01 397243                     /usr/local/hadoop-2.6.0/share/hadoop/hdfs/lib/commons-cli-1.2.jar
7f3cb4345000-7f3cb4346000 r--s 0000a000 08:01 397228                     /usr/local/hadoop-2.6.0/share/hadoop/hdfs/lib/asm-3.2.jar
7f3cb4346000-7f3cb4358000 r--s 0009d000 08:01 397230                     /usr/local/hadoop-2.6.0/share/hadoop/hdfs/lib/jersey-server-1.9.jar
7f3cb4358000-7f3cb435c000 r--s 0002a000 08:01 397240                     /usr/local/hadoop-2.6.0/share/hadoop/hdfs/lib/commons-io-2.4.jar
7f3cb435c000-7f3cb435f000 r--s 00016000 08:01 397249                     /usr/local/hadoop-2.6.0/share/hadoop/hdfs/lib/jsp-api-2.1.jar
7f3cb435f000-7f3cb4362000 r--s 00019000 08:01 397246                     /usr/local/hadoop-2.6.0/share/hadoop/hdfs/lib/commons-el-1.0.jar
7f3cb4362000-7f3cb4364000 r--s 0000e000 08:01 397238                     /usr/local/hadoop-2.6.0/share/hadoop/hdfs/lib/commons-logging-1.1.3.jar
7f3cb4364000-7f3cb4372000 r--s 000b1000 08:01 397245                     /usr/local/hadoop-2.6.0/share/hadoop/hdfs/lib/jackson-mapper-asl-1.9.13.jar
7f3cb4372000-7f3cb4375000 r--s 00006000 08:01 397244                     /usr/local/hadoop-2.6.0/share/hadoop/hdfs/lib/jsr305-1.3.9.jar
7f3cb4375000-7f3cb4396000 r--s 00172000 08:01 397233                     /usr/local/hadoop-2.6.0/share/hadoop/hdfs/lib/guava-11.0.2.jar
7f3cb4396000-7f3cb4397000 r--s 00003000 08:01 397242                     /usr/local/hadoop-2.6.0/share/hadoop/hdfs/lib/xmlenc-0.52.jar
7f3cb4397000-7f3cb439b000 r--s 00028000 08:01 397231                     /usr/local/hadoop-2.6.0/share/hadoop/hdfs/lib/jetty-util-6.1.26.jar
7f3cb439b000-7f3cb439f000 r--s 00035000 08:01 397226                     /usr/local/hadoop-2.6.0/share/hadoop/hdfs/lib/jackson-core-asl-1.9.13.jar
7f3cb439f000-7f3cb43a9000 r--s 00066000 08:01 397229                     /usr/local/hadoop-2.6.0/share/hadoop/hdfs/lib/jersey-core-1.9.jar
7f3cb43a9000-7f3cb43c0000 r--s 0010e000 08:01 397225                     /usr/local/hadoop-2.6.0/share/hadoop/hdfs/lib/netty-3.6.2.Final.jar
7f3cb43c0000-7f3cb43c2000 r--s 00018000 08:01 397241                     /usr/local/hadoop-2.6.0/share/hadoop/hdfs/lib/servlet-api-2.5.jar
7f3cb43c2000-7f3cb43c3000 r--s 00005000 08:01 397248                     /usr/local/hadoop-2.6.0/share/hadoop/hdfs/lib/commons-daemon-1.0.13.jar
7f3cb43c3000-7f3cb43ca000 r--s 0007d000 08:01 397235                     /usr/local/hadoop-2.6.0/share/hadoop/hdfs/lib/jetty-6.1.26.jar
7f3cb43ca000-7f3cb43d3000 r--s 0006f000 08:01 397250                     /usr/local/hadoop-2.6.0/share/hadoop/hdfs/lib/log4j-1.2.17.jar
7f3cb43d3000-7f3cb43d6000 r--s 0001d000 08:01 397753                     /usr/local/hadoop-2.6.0/share/hadoop/yarn/hadoop-yarn-client-2.6.0.jar
7f3cb43d6000-7f3cb43d9000 r--s 00015000 08:01 397758                     /usr/local/hadoop-2.6.0/share/hadoop/yarn/hadoop-yarn-registry-2.6.0.jar
7f3cb43d9000-7f3cb43f0000 r--s 00171000 08:01 397761                     /usr/local/hadoop-2.6.0/share/hadoop/yarn/hadoop-yarn-common-2.6.0.jar
7f3cb43f0000-7f3cb43f1000 r--s 00006000 08:01 397755                     /usr/local/hadoop-2.6.0/share/hadoop/yarn/hadoop-yarn-server-web-proxy-2.6.0.jar
7f3cb43f1000-7f3cb440c000 r--s 001ae000 08:01 397749                     /usr/local/hadoop-2.6.0/share/hadoop/yarn/hadoop-yarn-api-2.6.0.jar
7f3cb440c000-7f3cb4412000 r--s 00041000 08:01 397756                     /usr/local/hadoop-2.6.0/share/hadoop/yarn/hadoop-yarn-server-common-2.6.0.jar
7f3cb4412000-7f3cb4414000 r--s 0000a000 08:01 397760                     /usr/local/hadoop-2.6.0/share/hadoop/yarn/hadoop-yarn-applications-distributedshell-2.6.0.jar
7f3cb4414000-7f3cb4428000 r--s 00101000 08:01 397750                     /usr/local/hadoop-2.6.0/share/hadoop/yarn/hadoop-yarn-server-resourcemanager-2.6.0.jar
7f3cb4428000-7f3cb4429000 r--s 00003000 08:01 397802                     /usr/local/hadoop-2.6.0/share/hadoop/yarn/hadoop-yarn-applications-unmanaged-am-launcher-2.6.0.jar
7f3cb4429000-7f3cb4436000 r--s 0008f000 08:01 397757                     /usr/local/hadoop-2.6.0/share/hadoop/yarn/hadoop-yarn-server-nodemanager-2.6.0.jar
7f3cb4436000-7f3cb443a000 r--s 00025000 08:01 397754                     /usr/local/hadoop-2.6.0/share/hadoop/yarn/hadoop-yarn-server-applicationhistoryservice-2.6.0.jar
7f3cb443a000-7f3cb443f000 r--s 00041000 08:01 397777                     /usr/local/hadoop-2.6.0/share/hadoop/yarn/lib/commons-lang-2.6.jar
7f3cb443f000-7f3cb4447000 r--s 0007b000 08:01 397795                     /usr/local/hadoop-2.6.0/share/hadoop/yarn/lib/protobuf-java-2.5.0.jar
7f3cb4447000-7f3cb4448000 r--s 00006000 08:01 397763                     /usr/local/hadoop-2.6.0/share/hadoop/yarn/lib/jackson-xc-1.9.13.jar
7f3cb4448000-7f3cb444b000 r--s 000fd000 08:01 397786                     /usr/local/hadoop-2.6.0/share/hadoop/yarn/lib/leveldbjni-all-1.8.jar
7f3cb444b000-7f3cb444d000 r--s 0000d000 08:01 397768                     /usr/local/hadoop-2.6.0/share/hadoop/yarn/lib/commons-codec-1.4.jar
7f3cb444d000-7f3cb444f000 r--s 0000e000 08:01 397801                     /usr/local/hadoop-2.6.0/share/hadoop/yarn/lib/activation-1.1.jar
7f3cb444f000-7f3cb4451000 r--s 00009000 08:01 397792                     /usr/local/hadoop-2.6.0/share/hadoop/yarn/lib/commons-cli-1.2.jar
7f3cb4451000-7f3cb4452000 r--s 0000a000 08:01 397770                     /usr/local/hadoop-2.6.0/share/hadoop/yarn/lib/asm-3.2.jar
7f3cb4452000-7f3cb4461000 r--s 0009f000 08:01 397788                     /usr/local/hadoop-2.6.0/share/hadoop/yarn/lib/guice-3.0.jar
7f3cb4461000-7f3cb4465000 r--s 00014000 08:01 397797                     /usr/local/hadoop-2.6.0/share/hadoop/yarn/lib/xz-1.0.jar
7f3cb4465000-7f3cb4477000 r--s 0009d000 08:01 397773                     /usr/local/hadoop-2.6.0/share/hadoop/yarn/lib/jersey-server-1.9.jar
7f3cb4477000-7f3cb447b000 r--s 0002a000 08:01 397790                     /usr/local/hadoop-2.6.0/share/hadoop/yarn/lib/commons-io-2.4.jar
7f3cb447b000-7f3cb4489000 r--s 0007f000 08:01 397766                     /usr/local/hadoop-2.6.0/share/hadoop/yarn/lib/commons-collections-3.2.1.jar
7f3cb4489000-7f3cb448b000 r--s 00000000 08:01 397776                     /usr/local/hadoop-2.6.0/share/hadoop/yarn/lib/aopalliance-1.0.jar
7f3cb448b000-7f3cb448d000 r--s 0000e000 08:01 397787                     /usr/local/hadoop-2.6.0/share/hadoop/yarn/lib/commons-logging-1.1.3.jar
7f3cb448d000-7f3cb449b000 r--s 000b1000 08:01 397794                     /usr/local/hadoop-2.6.0/share/hadoop/yarn/lib/jackson-mapper-asl-1.9.13.jar
7f3cb449b000-7f3cb449e000 r--s 00006000 08:01 397793                     /usr/local/hadoop-2.6.0/share/hadoop/yarn/lib/jsr305-1.3.9.jar
7f3cb449e000-7f3cb44aa000 r--s 000b6000 08:01 397798                     /usr/local/hadoop-2.6.0/share/hadoop/yarn/lib/zookeeper-3.4.6.jar
7f3cb44aa000-7f3cb44bd000 r--s 000c7000 08:01 397796                     /usr/local/hadoop-2.6.0/share/hadoop/yarn/lib/jaxb-impl-2.2.3-1.jar
7f3cb44bd000-7f3cb44de000 r--s 00172000 08:01 397778                     /usr/local/hadoop-2.6.0/share/hadoop/yarn/lib/guava-11.0.2.jar
7f3cb44de000-7f3cb44e2000 r--s 00028000 08:01 397774                     /usr/local/hadoop-2.6.0/share/hadoop/yarn/lib/jetty-util-6.1.26.jar
7f3cb44e2000-7f3cb44e6000 r--s 00035000 08:01 397765                     /usr/local/hadoop-2.6.0/share/hadoop/yarn/lib/jackson-core-asl-1.9.13.jar
7f3cb44e6000-7f3cb44e8000 r--s 0000f000 08:01 397772                     /usr/local/hadoop-2.6.0/share/hadoop/yarn/lib/jettison-1.1.jar
7f3cb44e8000-7f3cb44eb000 r--s 00017000 08:01 397775                     /usr/local/hadoop-2.6.0/share/hadoop/yarn/lib/jaxb-api-2.2.2.jar
7f3cb44eb000-7f3cb44ed000 r--s 00014000 08:01 397769                     /usr/local/hadoop-2.6.0/share/hadoop/yarn/lib/jline-0.9.94.jar
7f3cb44ed000-7f3cb44f7000 r--s 00066000 08:01 397771                     /usr/local/hadoop-2.6.0/share/hadoop/yarn/lib/jersey-core-1.9.jar
7f3cb44f7000-7f3cb450e000 r--s 0010e000 08:01 397764                     /usr/local/hadoop-2.6.0/share/hadoop/yarn/lib/netty-3.6.2.Final.jar
7f3cb450e000-7f3cb4514000 r--s 00045000 08:01 397783                     /usr/local/hadoop-2.6.0/share/hadoop/yarn/lib/commons-httpclient-3.1.jar
7f3cb4514000-7f3cb4516000 r--s 00018000 08:01 397791                     /usr/local/hadoop-2.6.0/share/hadoop/yarn/lib/servlet-api-2.5.jar
7f3cb4516000-7f3cb4518000 r--s 0000e000 08:01 397800                     /usr/local/hadoop-2.6.0/share/hadoop/yarn/lib/guice-servlet-3.0.jar
7f3cb4518000-7f3cb451d000 r--s 00036000 08:01 397785                     /usr/local/hadoop-2.6.0/share/hadoop/yarn/lib/commons-compress-1.4.1.jar
7f3cb451d000-7f3cb451e000 ---p 00000000 00:00 0 
7f3cb451e000-7f3cb461e000 rw-p 00000000 00:00 0                          [stack:30470]
7f3cb461e000-7f3cb4621000 ---p 00000000 00:00 0 
7f3cb4621000-7f3cb471f000 rw-p 00000000 00:00 0                          [stack:30469]
7f3cb471f000-7f3cb4722000 ---p 00000000 00:00 0 
7f3cb4722000-7f3cb4820000 rw-p 00000000 00:00 0                          [stack:30468]
7f3cb4820000-7f3cb4823000 ---p 00000000 00:00 0 
7f3cb4823000-7f3cb4921000 rw-p 00000000 00:00 0                          [stack:30467]
7f3cb4921000-7f3cb4924000 ---p 00000000 00:00 0 
7f3cb4924000-7f3cb4a22000 rw-p 00000000 00:00 0                          [stack:30466]
7f3cb4a22000-7f3cb5104000 r--p 00000000 08:01 2236233                    /usr/lib/locale/locale-archive
7f3cb5104000-7f3cb5107000 ---p 00000000 00:00 0 
7f3cb5107000-7f3cb5205000 rw-p 00000000 00:00 0                          [stack:30465]
7f3cb5205000-7f3cb5208000 ---p 00000000 00:00 0 
7f3cb5208000-7f3cb5306000 rw-p 00000000 00:00 0                          [stack:30464]
7f3cb5306000-7f3cb5307000 ---p 00000000 00:00 0 
7f3cb5307000-7f3cb5407000 rw-p 00000000 00:00 0                          [stack:30463]
7f3cb5407000-7f3cb55df000 r--s 03d17000 08:01 526977                     /usr/local/jdk1.8.0_60/jre/lib/rt.jar
7f3cb55df000-7f3cb5e55000 rw-p 00000000 00:00 0 
7f3cb5e55000-7f3cb5e6a000 rw-p 00000000 00:00 0 
7f3cb5e6a000-7f3cb5fa0000 ---p 00000000 00:00 0 
7f3cb5fa0000-7f3cb5fab000 rw-p 00000000 00:00 0 
7f3cb5fab000-7f3cb6045000 ---p 00000000 00:00 0 
7f3cb6045000-7f3cb605a000 rw-p 00000000 00:00 0 
7f3cb605a000-7f3cb618f000 ---p 00000000 00:00 0 
7f3cb618f000-7f3cb61a8000 rw-p 00000000 00:00 0 
7f3cb61a8000-7f3cb6550000 ---p 00000000 00:00 0 
7f3cb6550000-7f3cb656a000 r-xp 00000000 08:01 526927                     /usr/local/jdk1.8.0_60/jre/lib/amd64/libzip.so
7f3cb656a000-7f3cb676a000 ---p 0001a000 08:01 526927                     /usr/local/jdk1.8.0_60/jre/lib/amd64/libzip.so
7f3cb676a000-7f3cb676b000 rw-p 0001a000 08:01 526927                     /usr/local/jdk1.8.0_60/jre/lib/amd64/libzip.so
7f3cb676b000-7f3cb6776000 r-xp 00000000 08:01 790650                     /lib/x86_64-linux-gnu/libnss_files-2.19.so
7f3cb6776000-7f3cb6975000 ---p 0000b000 08:01 790650                     /lib/x86_64-linux-gnu/libnss_files-2.19.so
7f3cb6975000-7f3cb6976000 r--p 0000a000 08:01 790650                     /lib/x86_64-linux-gnu/libnss_files-2.19.so
7f3cb6976000-7f3cb6977000 rw-p 0000b000 08:01 790650                     /lib/x86_64-linux-gnu/libnss_files-2.19.so
7f3cb6977000-7f3cb6982000 r-xp 00000000 08:01 790660                     /lib/x86_64-linux-gnu/libnss_nis-2.19.so
7f3cb6982000-7f3cb6b81000 ---p 0000b000 08:01 790660                     /lib/x86_64-linux-gnu/libnss_nis-2.19.so
7f3cb6b81000-7f3cb6b82000 r--p 0000a000 08:01 790660                     /lib/x86_64-linux-gnu/libnss_nis-2.19.so
7f3cb6b82000-7f3cb6b83000 rw-p 0000b000 08:01 790660                     /lib/x86_64-linux-gnu/libnss_nis-2.19.so
7f3cb6b83000-7f3cb6b9a000 r-xp 00000000 08:01 790644                     /lib/x86_64-linux-gnu/libnsl-2.19.so
7f3cb6b9a000-7f3cb6d99000 ---p 00017000 08:01 790644                     /lib/x86_64-linux-gnu/libnsl-2.19.so
7f3cb6d99000-7f3cb6d9a000 r--p 00016000 08:01 790644                     /lib/x86_64-linux-gnu/libnsl-2.19.so
7f3cb6d9a000-7f3cb6d9b000 rw-p 00017000 08:01 790644                     /lib/x86_64-linux-gnu/libnsl-2.19.so
7f3cb6d9b000-7f3cb6d9d000 rw-p 00000000 00:00 0 
7f3cb6d9d000-7f3cb6da6000 r-xp 00000000 08:01 790646                     /lib/x86_64-linux-gnu/libnss_compat-2.19.so
7f3cb6da6000-7f3cb6fa5000 ---p 00009000 08:01 790646                     /lib/x86_64-linux-gnu/libnss_compat-2.19.so
7f3cb6fa5000-7f3cb6fa6000 r--p 00008000 08:01 790646                     /lib/x86_64-linux-gnu/libnss_compat-2.19.so
7f3cb6fa6000-7f3cb6fa7000 rw-p 00009000 08:01 790646                     /lib/x86_64-linux-gnu/libnss_compat-2.19.so
7f3cb6fa7000-7f3cb6fd1000 r-xp 00000000 08:01 526905                     /usr/local/jdk1.8.0_60/jre/lib/amd64/libjava.so
7f3cb6fd1000-7f3cb71d1000 ---p 0002a000 08:01 526905                     /usr/local/jdk1.8.0_60/jre/lib/amd64/libjava.so
7f3cb71d1000-7f3cb71d3000 rw-p 0002a000 08:01 526905                     /usr/local/jdk1.8.0_60/jre/lib/amd64/libjava.so
7f3cb71d3000-7f3cb71e0000 r-xp 00000000 08:01 526921                     /usr/local/jdk1.8.0_60/jre/lib/amd64/libverify.so
7f3cb71e0000-7f3cb73e0000 ---p 0000d000 08:01 526921                     /usr/local/jdk1.8.0_60/jre/lib/amd64/libverify.so
7f3cb73e0000-7f3cb73e2000 rw-p 0000d000 08:01 526921                     /usr/local/jdk1.8.0_60/jre/lib/amd64/libverify.so
7f3cb73e2000-7f3cb73e9000 r-xp 00000000 08:01 790703                     /lib/x86_64-linux-gnu/librt-2.19.so
7f3cb73e9000-7f3cb75e8000 ---p 00007000 08:01 790703                     /lib/x86_64-linux-gnu/librt-2.19.so
7f3cb75e8000-7f3cb75e9000 r--p 00006000 08:01 790703                     /lib/x86_64-linux-gnu/librt-2.19.so
7f3cb75e9000-7f3cb75ea000 rw-p 00007000 08:01 790703                     /lib/x86_64-linux-gnu/librt-2.19.so
7f3cb75ea000-7f3cb76ef000 r-xp 00000000 08:01 790625                     /lib/x86_64-linux-gnu/libm-2.19.so
7f3cb76ef000-7f3cb78ee000 ---p 00105000 08:01 790625                     /lib/x86_64-linux-gnu/libm-2.19.so
7f3cb78ee000-7f3cb78ef000 r--p 00104000 08:01 790625                     /lib/x86_64-linux-gnu/libm-2.19.so
7f3cb78ef000-7f3cb78f0000 rw-p 00105000 08:01 790625                     /lib/x86_64-linux-gnu/libm-2.19.so
7f3cb78f0000-7f3cb85ae000 r-xp 00000000 08:01 526943                     /usr/local/jdk1.8.0_60/jre/lib/amd64/server/libjvm.so
7f3cb85ae000-7f3cb87ad000 ---p 00cbe000 08:01 526943                     /usr/local/jdk1.8.0_60/jre/lib/amd64/server/libjvm.so
7f3cb87ad000-7f3cb8885000 rw-p 00cbd000 08:01 526943                     /usr/local/jdk1.8.0_60/jre/lib/amd64/server/libjvm.so
7f3cb8885000-7f3cb88ca000 rw-p 00000000 00:00 0 
7f3cb88ca000-7f3cb8a85000 r-xp 00000000 08:01 790575                     /lib/x86_64-linux-gnu/libc-2.19.so
7f3cb8a85000-7f3cb8c85000 ---p 001bb000 08:01 790575                     /lib/x86_64-linux-gnu/libc-2.19.so
7f3cb8c85000-7f3cb8c89000 r--p 001bb000 08:01 790575                     /lib/x86_64-linux-gnu/libc-2.19.so
7f3cb8c89000-7f3cb8c8b000 rw-p 001bf000 08:01 790575                     /lib/x86_64-linux-gnu/libc-2.19.so
7f3cb8c8b000-7f3cb8c90000 rw-p 00000000 00:00 0 
7f3cb8c90000-7f3cb8c93000 r-xp 00000000 08:01 790592                     /lib/x86_64-linux-gnu/libdl-2.19.so
7f3cb8c93000-7f3cb8e92000 ---p 00003000 08:01 790592                     /lib/x86_64-linux-gnu/libdl-2.19.so
7f3cb8e92000-7f3cb8e93000 r--p 00002000 08:01 790592                     /lib/x86_64-linux-gnu/libdl-2.19.so
7f3cb8e93000-7f3cb8e94000 rw-p 00003000 08:01 790592                     /lib/x86_64-linux-gnu/libdl-2.19.so
7f3cb8e94000-7f3cb8ea9000 r-xp 00000000 08:01 526041                     /usr/local/jdk1.8.0_60/lib/amd64/jli/libjli.so
7f3cb8ea9000-7f3cb90a9000 ---p 00015000 08:01 526041                     /usr/local/jdk1.8.0_60/lib/amd64/jli/libjli.so
7f3cb90a9000-7f3cb90aa000 rw-p 00015000 08:01 526041                     /usr/local/jdk1.8.0_60/lib/amd64/jli/libjli.so
7f3cb90aa000-7f3cb90c3000 r-xp 00000000 08:01 790695                     /lib/x86_64-linux-gnu/libpthread-2.19.so
7f3cb90c3000-7f3cb92c2000 ---p 00019000 08:01 790695                     /lib/x86_64-linux-gnu/libpthread-2.19.so
7f3cb92c2000-7f3cb92c3000 r--p 00018000 08:01 790695                     /lib/x86_64-linux-gnu/libpthread-2.19.so
7f3cb92c3000-7f3cb92c4000 rw-p 00019000 08:01 790695                     /lib/x86_64-linux-gnu/libpthread-2.19.so
7f3cb92c4000-7f3cb92c8000 rw-p 00000000 00:00 0 
7f3cb92c8000-7f3cb92eb000 r-xp 00000000 08:01 790551                     /lib/x86_64-linux-gnu/ld-2.19.so
7f3cb92eb000-7f3cb92ec000 r--s 00003000 08:01 397779                     /usr/local/hadoop-2.6.0/share/hadoop/yarn/lib/jersey-guice-1.9.jar
7f3cb92ec000-7f3cb92ed000 r--s 00004000 08:01 397781                     /usr/local/hadoop-2.6.0/share/hadoop/yarn/lib/jackson-jaxrs-1.9.13.jar
7f3cb92ed000-7f3cb92f4000 r--s 0007d000 08:01 397782                     /usr/local/hadoop-2.6.0/share/hadoop/yarn/lib/jetty-6.1.26.jar
7f3cb92f4000-7f3cb92fd000 r--s 0006f000 08:01 397799                     /usr/local/hadoop-2.6.0/share/hadoop/yarn/lib/log4j-1.2.17.jar
7f3cb92fd000-7f3cb93cf000 rw-p 00000000 00:00 0 
7f3cb93cf000-7f3cb93d2000 ---p 00000000 00:00 0 
7f3cb93d2000-7f3cb94d4000 rw-p 00000000 00:00 0                          [stack:30462]
7f3cb94d4000-7f3cb94d8000 r--s 00021000 08:01 397767                     /usr/local/hadoop-2.6.0/share/hadoop/yarn/lib/jersey-json-1.9.jar
7f3cb94d8000-7f3cb94da000 r--s 00004000 08:01 397784                     /usr/local/hadoop-2.6.0/share/hadoop/yarn/lib/stax-api-1.0-2.jar
7f3cb94da000-7f3cb94db000 r--s 00000000 08:01 397780                     /usr/local/hadoop-2.6.0/share/hadoop/yarn/lib/javax.inject-1.jar
7f3cb94db000-7f3cb94de000 r--s 0001d000 08:01 397789                     /usr/local/hadoop-2.6.0/share/hadoop/yarn/lib/jersey-client-1.9.jar
7f3cb94de000-7f3cb94e6000 rw-s 00000000 08:01 1836366                    /tmp/hsperfdata_phamvanvung/30456
7f3cb94e6000-7f3cb94e7000 rw-p 00000000 00:00 0 
7f3cb94e7000-7f3cb94e8000 ---p 00000000 00:00 0 
7f3cb94e8000-7f3cb94ea000 rw-p 00000000 00:00 0 
7f3cb94ea000-7f3cb94eb000 r--p 00022000 08:01 790551                     /lib/x86_64-linux-gnu/ld-2.19.so
7f3cb94eb000-7f3cb94ec000 rw-p 00023000 08:01 790551                     /lib/x86_64-linux-gnu/ld-2.19.so
7f3cb94ec000-7f3cb94ed000 rw-p 00000000 00:00 0 
7fff8c087000-7fff8c0ab000 rw-p 00000000 00:00 0                          [stack]
7fff8c1cf000-7fff8c1d1000 r-xp 00000000 00:00 0                          [vdso]
7fff8c1d1000-7fff8c1d3000 r--p 00000000 00:00 0                          [vvar]
ffffffffff600000-ffffffffff601000 r-xp 00000000 00:00 0                  [vsyscall]

VM Arguments:
jvm_args: -Dfile.encoding=UTF-8 
java_command: Group14Main
java_class_path (initial): /home/phamvanvung/Desktop/ICT2103/Group14HadoopAssignment/log4j:/home/phamvanvung/Desktop/ICT2103/Group14HadoopAssignment/bin:/usr/local/hadoop-2.6.0/share/hadoop/yarn/lib/jersey-client-1.9.jar:/usr/local/hadoop-2.6.0/share/hadoop/yarn/lib/javax.inject-1.jar:/usr/local/hadoop-2.6.0/share/hadoop/yarn/lib/stax-api-1.0-2.jar:/usr/local/hadoop-2.6.0/share/hadoop/yarn/lib/log4j-1.2.17.jar:/usr/local/hadoop-2.6.0/share/hadoop/yarn/lib/jetty-6.1.26.jar:/usr/local/hadoop-2.6.0/share/hadoop/yarn/lib/jersey-json-1.9.jar:/usr/local/hadoop-2.6.0/share/hadoop/yarn/lib/commons-compress-1.4.1.jar:/usr/local/hadoop-2.6.0/share/hadoop/yarn/lib/jackson-jaxrs-1.9.13.jar:/usr/local/hadoop-2.6.0/share/hadoop/yarn/lib/guice-servlet-3.0.jar:/usr/local/hadoop-2.6.0/share/hadoop/yarn/lib/servlet-api-2.5.jar:/usr/local/hadoop-2.6.0/share/hadoop/yarn/lib/commons-httpclient-3.1.jar:/usr/local/hadoop-2.6.0/share/hadoop/yarn/lib/netty-3.6.2.Final.jar:/usr/local/hadoop-2.6.0/share/hadoop/yarn/lib/jersey-core-1.9.jar:/usr/local/hadoop-2.6.0/share/hadoop/yarn/lib/jline-0.9.94.jar:/usr/local/hadoop-2.6.0/share/hadoop/yarn/lib/jaxb-api-2.2.2.jar:/usr/local/hadoop-2.6.0/share/hadoop/yarn/lib/jettison-1.1.jar:/usr/local/hadoop-2.6.0/share/hadoop/yarn/lib/jackson-core-asl-1.9.13.jar:/usr/local/hadoop-2.6.0/share/hadoop/yarn/lib/jetty-util-6.1.26.jar:/usr/local/hadoop-2.6.0/share/hadoop/yarn/lib/guava-11.0.2.jar:/usr/local/hadoop-2.6.0/share/hadoop/yarn/lib/jaxb-impl-2.2.3-1.jar:/usr/local/hadoop-2.6.0/share/hadoop/yarn/lib/zookeeper-3.4.6.jar:/usr/local/hadoop-2.6.0/share/hadoop/yarn/lib/jsr305-1.3.9.jar:/usr/local/hadoop-2.6.0/share/hadoop/yarn/lib/jackson-mapper-asl-1.9.13.jar:/usr/local/hadoop-2.6.0/share/hadoop/yarn/lib/commons-logging-1.1.3.jar:/usr/local/hadoop-2.6.0/share/hadoop/yarn/lib/aopalliance-1.0.jar:/usr/local/hadoop-2.6.0/share/hadoop/yarn/lib/commons-collections-3.2.1.jar:/usr/local/hadoop-2.6.0/share/hadoop/yarn/lib/commons-io-2.4.jar:/usr/local/hadoop-2.6.
Launcher Type: SUN_STANDARD

Environment Variables:
PATH=/usr/local/sbin:/usr/local/bin:/usr/sbin:/usr/bin:/sbin:/bin:/usr/games:/usr/local/games
SHELL=/bin/bash
DISPLAY=:0

Signal Handlers:
SIGSEGV: [libjvm.so+0xaba070], sa_mask[0]=11111111011111111101111111111110, sa_flags=SA_RESTART|SA_SIGINFO
SIGBUS: [libjvm.so+0xaba070], sa_mask[0]=11111111011111111101111111111110, sa_flags=SA_RESTART|SA_SIGINFO
SIGFPE: [libjvm.so+0x917630], sa_mask[0]=11111111011111111101111111111110, sa_flags=SA_RESTART|SA_SIGINFO
SIGPIPE: [libjvm.so+0x917630], sa_mask[0]=11111111011111111101111111111110, sa_flags=SA_RESTART|SA_SIGINFO
SIGXFSZ: [libjvm.so+0x917630], sa_mask[0]=11111111011111111101111111111110, sa_flags=SA_RESTART|SA_SIGINFO
SIGILL: [libjvm.so+0x917630], sa_mask[0]=11111111011111111101111111111110, sa_flags=SA_RESTART|SA_SIGINFO
SIGUSR1: SIG_DFL, sa_mask[0]=00000000000000000000000000000000, sa_flags=none
SIGUSR2: [libjvm.so+0x918c60], sa_mask[0]=00100000000000000000000000000000, sa_flags=SA_RESTART|SA_SIGINFO
SIGHUP: [libjvm.so+0x91a060], sa_mask[0]=11111111011111111101111111111110, sa_flags=SA_RESTART|SA_SIGINFO
SIGINT: [libjvm.so+0x91a060], sa_mask[0]=11111111011111111101111111111110, sa_flags=SA_RESTART|SA_SIGINFO
SIGTERM: [libjvm.so+0x91a060], sa_mask[0]=11111111011111111101111111111110, sa_flags=SA_RESTART|SA_SIGINFO
SIGQUIT: [libjvm.so+0x91a060], sa_mask[0]=11111111011111111101111111111110, sa_flags=SA_RESTART|SA_SIGINFO


---------------  S Y S T E M  ---------------

OS:DISTRIB_ID=Ubuntu
DISTRIB_RELEASE=14.04
DISTRIB_CODENAME=trusty
DISTRIB_DESCRIPTION="Ubuntu 14.04.2 LTS"

uname:Linux 3.16.0-30-generic #40~14.04.1-Ubuntu SMP Thu Jan 15 17:43:14 UTC 2015 x86_64
libc:glibc 2.19 NPTL 2.19 
rlimit: STACK 8192k, CORE 0k, NPROC 15729, NOFILE 4096, AS infinity
load average:1.82 0.87 0.90

/proc/meminfo:
MemTotal:        4048072 kB
MemFree:          106312 kB
MemAvailable:      49152 kB
Buffers:             616 kB
Cached:            69856 kB
SwapCached:        16124 kB
Active:          3008028 kB
Inactive:         780972 kB
Active(anon):    2992784 kB
Inactive(anon):   762868 kB
Active(file):      15244 kB
Inactive(file):    18104 kB
Unevictable:          32 kB
Mlocked:              32 kB
SwapTotal:       1046524 kB
SwapFree:              0 kB
Dirty:               796 kB
Writeback:             0 kB
AnonPages:       3703132 kB
Mapped:            56788 kB
Shmem:             37128 kB
Slab:              47480 kB
SReclaimable:      21272 kB
SUnreclaim:        26208 kB
KernelStack:       16496 kB
PageTables:        48244 kB
NFS_Unstable:          0 kB
Bounce:                0 kB
WritebackTmp:          0 kB
CommitLimit:     3070560 kB
Committed_AS:   10698572 kB
VmallocTotal:   34359738367 kB
VmallocUsed:       55852 kB
VmallocChunk:   34359675464 kB
HardwareCorrupted:     0 kB
AnonHugePages:   2498560 kB
HugePages_Total:       0
HugePages_Free:        0
HugePages_Rsvd:        0
HugePages_Surp:        0
Hugepagesize:       2048 kB
DirectMap4k:       53184 kB
DirectMap2M:     4141056 kB


CPU:total 1 (1 cores per cpu, 1 threads per core) family 6 model 142 stepping 9, cmov, cx8, fxsr, mmx, sse, sse2, sse3, ssse3, sse4.1, sse4.2, popcnt, avx, avx2, aes, clmul, 3dnowpref, lzcnt, tsc, tscinvbit

/proc/cpuinfo:
processor	: 0
vendor_id	: GenuineIntel
cpu family	: 6
model		: 142
model name	: Intel(R) Core(TM) i7-7500U CPU @ 2.70GHz
stepping	: 9
cpu MHz		: 2904.002
cache size	: 4096 KB
physical id	: 0
siblings	: 1
core id		: 0
cpu cores	: 1
apicid		: 0
initial apicid	: 0
fpu		: yes
fpu_exception	: yes
cpuid level	: 22
wp		: yes
flags		: fpu vme de pse tsc msr pae mce cx8 apic sep mtrr pge mca cmov pat pse36 clflush mmx fxsr sse sse2 syscall nx rdtscp lm constant_tsc rep_good nopl xtopology nonstop_tsc pni pclmulqdq monitor ssse3 cx16 pcid sse4_1 sse4_2 x2apic movbe popcnt aes xsave avx rdrand hypervisor lahf_lm abm 3dnowprefetch fsgsbase avx2 invpcid rdseed clflushopt
bogomips	: 5808.00
clflush size	: 64
cache_alignment	: 64
address sizes	: 39 bits physical, 48 bits virtual
power management:



Memory: 4k page, physical 4048072k(106312k free), swap 1046524k(0k free)

vm_info: Java HotSpot(TM) 64-Bit Server VM (25.60-b23) for linux-amd64 JRE (1.8.0_60-b27), built on Aug  4 2015 12:19:40 by "java_re" with gcc 4.3.0 20080428 (Red Hat 4.3.0-8)

time: Wed Apr  4 18:02:33 2018
elapsed time: 11 seconds (0d 0h 0m 11s)

